<?xml version="1.0" encoding="UTF-8"?>
<testng-results skipped="0" failed="0" ignored="0" total="3" passed="3">
  <reporter-output>
  </reporter-output>
  <suite name="Default suite" duration-ms="36718" started-at="2019-07-12T12:07:11Z" finished-at="2019-07-12T12:07:47Z">
    <groups>
    </groups>
    <test name="Default test" duration-ms="36718" started-at="2019-07-12T12:07:11Z" finished-at="2019-07-12T12:07:47Z">
      <class name="testng_pack.DataProvide">
        <test-method status="PASS" signature="beforeMethod()[pri:0, instance:testng_pack.DataProvide@735b5592]" name="beforeMethod" is-config="true" duration-ms="11386" started-at="2019-07-12T12:07:11Z" finished-at="2019-07-12T12:07:22Z">
          <reporter-output>
          </reporter-output>
        </test-method> <!-- beforeMethod -->
        <test-method status="PASS" signature="f(java.lang.String, java.lang.String)[pri:0, instance:testng_pack.DataProvide@735b5592]" name="f" duration-ms="2150" started-at="2019-07-12T12:07:22Z" data-provider="dp" finished-at="2019-07-12T12:07:24Z">
          <params>
            <param index="0">
              <value>
                <![CDATA[vijay]]>
              </value>
            </param>
            <param index="1">
              <value>
                <![CDATA[abcde]]>
              </value>
            </param>
          </params>
          <reporter-output>
          </reporter-output>
        </test-method> <!-- f -->
        <test-method status="PASS" signature="afterMethod()[pri:0, instance:testng_pack.DataProvide@735b5592]" name="afterMethod" is-config="true" duration-ms="126" started-at="2019-07-12T12:07:24Z" finished-at="2019-07-12T12:07:24Z">
          <reporter-output>
          </reporter-output>
        </test-method> <!-- afterMethod -->
        <test-method status="PASS" signature="beforeMethod()[pri:0, instance:testng_pack.DataProvide@735b5592]" name="beforeMethod" is-config="true" duration-ms="9689" started-at="2019-07-12T12:07:24Z" finished-at="2019-07-12T12:07:34Z">
          <reporter-output>
          </reporter-output>
        </test-method> <!-- beforeMethod -->
        <test-method status="PASS" signature="f(java.lang.String, java.lang.String)[pri:0, instance:testng_pack.DataProvide@735b5592]" name="f" duration-ms="2150" started-at="2019-07-12T12:07:34Z" data-provider="dp" finished-at="2019-07-12T12:07:36Z">
          <params>
            <param index="0">
              <value>
                <![CDATA[begari]]>
              </value>
            </param>
            <param index="1">
              <value>
                <![CDATA[abcdef]]>
              </value>
            </param>
          </params>
          <reporter-output>
          </reporter-output>
        </test-method> <!-- f -->
        <test-method status="PASS" signature="afterMethod()[pri:0, instance:testng_pack.DataProvide@735b5592]" name="afterMethod" is-config="true" duration-ms="120" started-at="2019-07-12T12:07:36Z" finished-at="2019-07-12T12:07:36Z">
          <reporter-output>
          </reporter-output>
        </test-method> <!-- afterMethod -->
        <test-method status="PASS" signature="beforeMethod()[pri:0, instance:testng_pack.DataProvide@735b5592]" name="beforeMethod" is-config="true" duration-ms="8783" started-at="2019-07-12T12:07:36Z" finished-at="2019-07-12T12:07:45Z">
          <reporter-output>
          </reporter-output>
        </test-method> <!-- beforeMethod -->
        <test-method status="PASS" signature="f(java.lang.String, java.lang.String)[pri:0, instance:testng_pack.DataProvide@735b5592]" name="f" duration-ms="2219" started-at="2019-07-12T12:07:45Z" data-provider="dp" finished-at="2019-07-12T12:07:47Z">
          <params>
            <param index="0">
              <value>
                <![CDATA[babbu]]>
              </value>
            </param>
            <param index="1">
              <value>
                <![CDATA[abc]]>
              </value>
            </param>
          </params>
          <reporter-output>
          </reporter-output>
        </test-method> <!-- f -->
        <test-method status="PASS" signature="afterMethod()[pri:0, instance:testng_pack.DataProvide@735b5592]" name="afterMethod" is-config="true" duration-ms="69" started-at="2019-07-12T12:07:47Z" finished-at="2019-07-12T12:07:47Z">
          <reporter-output>
          </reporter-output>
        </test-method> <!-- afterMethod -->
      </class> <!-- testng_pack.DataProvide -->
    </test> <!-- Default test -->
  </suite> <!-- Default suite -->
</testng-results>
