<?xml version="1.0" encoding="UTF-8"?>
<!-- Generated by org.testng.reporters.JUnitXMLReporter -->
<testsuite hostname="VBegari" ignored="0" name="Default test" tests="3" failures="0" timestamp="12 Jul 2019 12:07:47 GMT" time="36.718" errors="0">
  <testcase name="f" time="2.15" classname="testng_pack.DataProvide"/>
  <testcase name="f" time="2.15" classname="testng_pack.DataProvide"/>
  <testcase name="f" time="2.219" classname="testng_pack.DataProvide"/>
</testsuite> <!-- Default test -->
